07/27/2024 02:56:39 PM Logging starts
Could not parse /tmp/.gitignore: Mock error
Traceback (most recent call last):
  File "./popular_projects_snippets_dataset/black/bodies/body_123_guide_4_9.py", line 36, in <module>
    aux = PathSpec.from_lines("gitwildmatch", lines)
  File "./popular_projects_snippets_dataset/black/bodies/body_123_guide_4_9.py", line 11, in <lambda>
    PathSpec.from_lines = classmethod(lambda cls, pattern, lines: (_ for _ in ()).throw(GitWildMatchPatternError('Mock error'))) # pragma: no cover
  File "./popular_projects_snippets_dataset/black/bodies/body_123_guide_4_9.py", line 11, in <genexpr>
    PathSpec.from_lines = classmethod(lambda cls, pattern, lines: (_ for _ in ()).throw(GitWildMatchPatternError('Mock error'))) # pragma: no cover
pathspec.patterns.gitwildmatch.GitWildMatchPatternError: Mock error

During handling of the above exception, another exception occurred:

Traceback (most recent call last):
  File "./popular_projects_snippets_dataset/black/bodies/body_123_guide_4_9.py", line 42, in <module>
    err(f"Could not parse {gitignore}: {e}")
  File "./popular_projects_snippets_dataset/black/bodies/body_123_guide_4_9.py", line 10, in err
    print(f'Exit with: {aux}') # pragma: no cover
NameError: name 'aux' is not defined
Command exited with non-zero status 1
1.60user 3.96system 0:00.88elapsed 628%CPU (0avgtext+0avgdata 69344maxresident)k
0inputs+80outputs (0major+20109minor)pagefaults 0swaps
