07/27/2024 02:54:28 PM Logging starts
Traceback (most recent call last):
  File "./popular_projects_snippets_dataset/black/bodies/body_123_refine_9_9.py", line 39, in <module>
    exit(aux)
  File "/usr/lib/python3.8/_sitebuiltins.py", line 26, in __call__
    raise SystemExit(code)
SystemExit: <pathspec.pathspec.PathSpec object at 0x7f9491554d60>

During handling of the above exception, another exception occurred:

Traceback (most recent call last):
  File "./popular_projects_snippets_dataset/black/bodies/body_123_refine_9_9.py", line 40, in <module>
    except GitWildMatchPatternError as e:
NameError: name 'GitWildMatchPatternError' is not defined
Command exited with non-zero status 1
1.03user 2.22system 0:00.92elapsed 353%CPU (0avgtext+0avgdata 69140maxresident)k
0inputs+48outputs (5major+20359minor)pagefaults 0swaps
