07/27/2024 05:50:28 PM Logging starts
Traceback (most recent call last):
  File "./popular_projects_snippets_dataset/black/bodies/body_226_initial_8.py", line 56, in <module>
    schedule_formatting(
NameError: name 'schedule_formatting' is not defined

During handling of the above exception, another exception occurred:

Traceback (most recent call last):
  File "./popular_projects_snippets_dataset/black/bodies/body_226_initial_8.py", line 73, in <module>
    shutdown(loop)
NameError: name 'shutdown' is not defined
Command exited with non-zero status 1
1.60user 4.23system 0:00.89elapsed 653%CPU (0avgtext+0avgdata 111452maxresident)k
0inputs+136outputs (0major+16555minor)pagefaults 0swaps
