07/27/2024 02:55:08 PM Logging starts
Traceback (most recent call last):
  File "./popular_projects_snippets_dataset/black/bodies/body_123_guide_1_0.py", line 37, in <module>
    exit(aux)
  File "/usr/lib/python3.8/_sitebuiltins.py", line 26, in __call__
    raise SystemExit(code)
SystemExit: <pathspec.pathspec.PathSpec object at 0x7f7d5efa4c70>

During handling of the above exception, another exception occurred:

Traceback (most recent call last):
  File "./popular_projects_snippets_dataset/black/bodies/body_123_guide_1_0.py", line 38, in <module>
    except GitWildMatchPatternError as e:
NameError: name 'GitWildMatchPatternError' is not defined
Command exited with non-zero status 1
1.43user 3.75system 0:00.74elapsed 695%CPU (0avgtext+0avgdata 69204maxresident)k
0inputs+80outputs (0major+20119minor)pagefaults 0swaps
