07/27/2024 02:56:06 PM Logging starts
Could not parse .gitignore: Mock error
Traceback (most recent call last):
  File "./popular_projects_snippets_dataset/black/bodies/body_123_guide_3_3.py", line 36, in <module>
    aux = PathSpec.from_lines("gitwildmatch", lines)
  File "./popular_projects_snippets_dataset/black/bodies/body_123_guide_3_3.py", line 11, in <lambda>
    PathSpec.from_lines = classmethod(lambda cls, pattern, lines: (_ for _ in ()).throw(GitWildMatchPatternError('Mock error'))) # pragma: no cover
  File "./popular_projects_snippets_dataset/black/bodies/body_123_guide_3_3.py", line 11, in <genexpr>
    PathSpec.from_lines = classmethod(lambda cls, pattern, lines: (_ for _ in ()).throw(GitWildMatchPatternError('Mock error'))) # pragma: no cover
pathspec.patterns.gitwildmatch.GitWildMatchPatternError: Mock error

During handling of the above exception, another exception occurred:

Traceback (most recent call last):
  File "./popular_projects_snippets_dataset/black/bodies/body_123_guide_3_3.py", line 42, in <module>
    err(f"Could not parse {gitignore}: {e}")
  File "./popular_projects_snippets_dataset/black/bodies/body_123_guide_3_3.py", line 10, in err
    print(f'Exit with: {aux}') # pragma: no cover
NameError: name 'aux' is not defined
Command exited with non-zero status 1
0.98user 2.76system 0:00.77elapsed 481%CPU (0avgtext+0avgdata 69188maxresident)k
0inputs+80outputs (0major+20359minor)pagefaults 0swaps
