07/27/2024 02:56:55 PM Logging starts
Could not parse /tmp/.gitignore: Mock error
Traceback (most recent call last):
  File "./popular_projects_snippets_dataset/black/bodies/body_123_guide_5_1.py", line 36, in <module>
    aux = PathSpec.from_lines("gitwildmatch", lines)
  File "./popular_projects_snippets_dataset/black/bodies/body_123_guide_5_1.py", line 11, in <lambda>
    PathSpec.from_lines = classmethod(lambda cls, pattern, lines: (_ for _ in ()).throw(GitWildMatchPatternError('Mock error')) if 'invalid_pattern[' in lines else cls()) # pragma: no cover
  File "./popular_projects_snippets_dataset/black/bodies/body_123_guide_5_1.py", line 11, in <genexpr>
    PathSpec.from_lines = classmethod(lambda cls, pattern, lines: (_ for _ in ()).throw(GitWildMatchPatternError('Mock error')) if 'invalid_pattern[' in lines else cls()) # pragma: no cover
pathspec.patterns.gitwildmatch.GitWildMatchPatternError: Mock error

During handling of the above exception, another exception occurred:

Traceback (most recent call last):
  File "./popular_projects_snippets_dataset/black/bodies/body_123_guide_5_1.py", line 42, in <module>
    err(f"Could not parse {gitignore}: {e}")
  File "./popular_projects_snippets_dataset/black/bodies/body_123_guide_5_1.py", line 10, in err
    print(f'Exit with: {aux}') # pragma: no cover
NameError: name 'aux' is not defined
Command exited with non-zero status 1
1.53user 3.95system 0:00.70elapsed 781%CPU (0avgtext+0avgdata 69272maxresident)k
0inputs+80outputs (2major+20295minor)pagefaults 0swaps
