07/27/2024 02:50:29 PM Logging starts
Traceback (most recent call last):
  File "./popular_projects_snippets_dataset/black/bodies/body_123_initial_7.py", line 30, in <module>
    exit(aux)
  File "/usr/lib/python3.8/_sitebuiltins.py", line 26, in __call__
    raise SystemExit(code)
SystemExit: <pathspec.pathspec.PathSpec object at 0x7f2176308640>

During handling of the above exception, another exception occurred:

Traceback (most recent call last):
  File "./popular_projects_snippets_dataset/black/bodies/body_123_initial_7.py", line 31, in <module>
    except GitWildMatchPatternError as e:
NameError: name 'GitWildMatchPatternError' is not defined
Command exited with non-zero status 1
1.45user 3.96system 0:00.62elapsed 866%CPU (0avgtext+0avgdata 69120maxresident)k
0inputs+72outputs (0major+20116minor)pagefaults 0swaps
