07/28/2024 09:28:30 AM Logging starts
Traceback (most recent call last):
  File "./popular_projects_snippets_dataset/flask/bodies/body_16_guide_5_5.py", line 33, in <module>
    if exc is _sentinel:
NameError: name 'exc' is not defined

During handling of the above exception, another exception occurred:

Traceback (most recent call last):
  File "./popular_projects_snippets_dataset/flask/bodies/body_16_guide_5_5.py", line 43, in <module>
    ctx = _cv_app.get()
NameError: name '_cv_app' is not defined
Command exited with non-zero status 1
1.53user 4.83system 0:00.66elapsed 963%CPU (0avgtext+0avgdata 107992maxresident)k
0inputs+40outputs (0major+24901minor)pagefaults 0swaps
