07/28/2024 10:10:31 AM Logging starts
Traceback (most recent call last):
  File "./popular_projects_snippets_dataset/flask/bodies/body_23_refine_7_9.py", line 47, in <module>
    self.app.do_teardown_request(exc)
TypeError: <lambda>() takes 1 positional argument but 2 were given

During handling of the above exception, another exception occurred:

Traceback (most recent call last):
  File "./popular_projects_snippets_dataset/flask/bodies/body_23_refine_7_9.py", line 64, in <module>
    _cv_request.reset(token)
TypeError: <lambda>() takes 1 positional argument but 2 were given
Command exited with non-zero status 1
1.61user 4.78system 0:00.67elapsed 946%CPU (0avgtext+0avgdata 107748maxresident)k
0inputs+64outputs (0major+25025minor)pagefaults 0swaps
