07/27/2024 04:43:06 PM Logging starts
Traceback (most recent call last):
  File "./popular_projects_snippets_dataset/flask/bodies/body_289_guide_0_9.py", line 65, in <module>
    gen = iter(generator_or_function)  # type: ignore
TypeError: 'function' object is not iterable

During handling of the above exception, another exception occurred:

Traceback (most recent call last):
  File "./popular_projects_snippets_dataset/flask/bodies/body_289_guide_0_9.py", line 71, in <module>
    def decorator(*args: t.Any, **kwargs: t.Any) -> t.Any:
NameError: name 't' is not defined
Command exited with non-zero status 1
1.57user 3.95system 0:00.96elapsed 572%CPU (0avgtext+0avgdata 116396maxresident)k
0inputs+32outputs (0major+20132minor)pagefaults 0swaps
