07/28/2024 10:13:03 AM Logging starts
Traceback (most recent call last):
  File "./popular_projects_snippets_dataset/flask/bodies/body_23_guide_5_6.py", line 60, in <module>
    if exc is _sentinel:
NameError: name 'exc' is not defined

During handling of the above exception, another exception occurred:

Traceback (most recent call last):
  File "./popular_projects_snippets_dataset/flask/bodies/body_23_guide_5_6.py", line 82, in <module>
    _cv_request.reset(token)
TypeError: expected an instance of Token, got 'token1'
Command exited with non-zero status 1
1.68user 4.68system 0:00.65elapsed 973%CPU (0avgtext+0avgdata 108056maxresident)k
0inputs+64outputs (0major+24345minor)pagefaults 0swaps
