07/28/2024 10:13:28 AM Logging starts
Traceback (most recent call last):
  File "./popular_projects_snippets_dataset/flask/bodies/body_23_guide_6_7.py", line 60, in <module>
    if exc is _sentinel:
NameError: name 'exc' is not defined

During handling of the above exception, another exception occurred:

Traceback (most recent call last):
  File "./popular_projects_snippets_dataset/flask/bodies/body_23_guide_6_7.py", line 82, in <module>
    _cv_request.reset(token)
TypeError: expected an instance of Token, got 'token'
Command exited with non-zero status 1
1.57user 4.80system 0:00.65elapsed 969%CPU (0avgtext+0avgdata 107932maxresident)k
0inputs+64outputs (0major+24345minor)pagefaults 0swaps
