07/28/2024 10:38:01 AM Logging starts
Traceback (most recent call last):
  File "./popular_projects_snippets_dataset/flask/bodies/body_248_guide_6_9.py", line 90, in <module>
    attr = getattr(module, name)
AttributeError: 'types.SimpleNamespace' object has no attribute 'dummy_func'

During handling of the above exception, another exception occurred:

Traceback (most recent call last):
  File "./popular_projects_snippets_dataset/flask/bodies/body_248_guide_6_9.py", line 96, in <module>
    f"Failed to find attribute {name!r} in {module.__name__!r}."
AttributeError: 'types.SimpleNamespace' object has no attribute '__name__'
Command exited with non-zero status 1
1.58user 4.80system 0:00.66elapsed 956%CPU (0avgtext+0avgdata 108412maxresident)k
0inputs+88outputs (12major+25051minor)pagefaults 0swaps
