07/28/2024 09:26:32 AM Logging starts
Traceback (most recent call last):
  File "./popular_projects_snippets_dataset/flask/bodies/body_16_refine_9_4.py", line 33, in <module>
    self.app.do_teardown_appcontext(exc)
TypeError: <lambda>() takes 1 positional argument but 2 were given

During handling of the above exception, another exception occurred:

Traceback (most recent call last):
  File "./popular_projects_snippets_dataset/flask/bodies/body_16_refine_9_4.py", line 38, in <module>
    ctx = _cv_app.get()
TypeError: <lambda>() takes 0 positional arguments but 1 was given
Command exited with non-zero status 1
1.53user 4.84system 0:00.67elapsed 948%CPU (0avgtext+0avgdata 107920maxresident)k
0inputs+40outputs (0major+24849minor)pagefaults 0swaps
