07/28/2024 10:36:12 AM Logging starts
Traceback (most recent call last):
  File "./popular_projects_snippets_dataset/flask/bodies/body_248_guide_1_1.py", line 90, in <module>
    attr = getattr(module, name)
AttributeError: 'types.SimpleNamespace' object has no attribute 'non_existent_attr'

During handling of the above exception, another exception occurred:

Traceback (most recent call last):
  File "./popular_projects_snippets_dataset/flask/bodies/body_248_guide_1_1.py", line 96, in <module>
    f"Failed to find attribute {name!r} in {module.__name__!r}."
AttributeError: 'types.SimpleNamespace' object has no attribute '__name__'
Command exited with non-zero status 1
1.65user 4.81system 0:00.75elapsed 859%CPU (0avgtext+0avgdata 116904maxresident)k
0inputs+80outputs (2major+21825minor)pagefaults 0swaps
