07/28/2024 10:11:18 AM Logging starts
Traceback (most recent call last):
  File "./popular_projects_snippets_dataset/flask/bodies/body_23_guide_0_6.py", line 47, in <module>
    if exc is _sentinel:
NameError: name 'exc' is not defined

During handling of the above exception, another exception occurred:

Traceback (most recent call last):
  File "./popular_projects_snippets_dataset/flask/bodies/body_23_guide_0_6.py", line 65, in <module>
    ctx = _cv_request.get()
AttributeError: '_thread._local' object has no attribute 'get'
Command exited with non-zero status 1
1.55user 4.80system 0:00.65elapsed 974%CPU (0avgtext+0avgdata 108340maxresident)k
0inputs+48outputs (0major+25124minor)pagefaults 0swaps
