07/28/2024 10:10:26 AM Logging starts
Traceback (most recent call last):
  File "./popular_projects_snippets_dataset/flask/bodies/body_23_refine_7_3.py", line 45, in <module>
    self.app.do_teardown_request(exc)
TypeError: <lambda>() takes 1 positional argument but 2 were given

During handling of the above exception, another exception occurred:

Traceback (most recent call last):
  File "./popular_projects_snippets_dataset/flask/bodies/body_23_refine_7_3.py", line 70, in <module>
    ctx.request.environ["werkzeug.request"] = None
AttributeError: 'MockCVRequest' object has no attribute 'request'
Command exited with non-zero status 1
1.55user 4.83system 0:00.66elapsed 958%CPU (0avgtext+0avgdata 108292maxresident)k
0inputs+80outputs (1major+24954minor)pagefaults 0swaps
