07/27/2024 04:30:20 PM Logging starts
Traceback (most recent call last):
  File "./popular_projects_snippets_dataset/flask/bodies/body_289_initial_8.py", line 49, in <module>
    gen = iter(generator_or_function)  # type: ignore
TypeError: 'function' object is not iterable

During handling of the above exception, another exception occurred:

Traceback (most recent call last):
  File "./popular_projects_snippets_dataset/flask/bodies/body_289_initial_8.py", line 55, in <module>
    def decorator(*args: t.Any, **kwargs: t.Any) -> t.Any:
AttributeError: module 'types' has no attribute 'Any'
Command exited with non-zero status 1
1.60user 3.97system 0:00.96elapsed 577%CPU (0avgtext+0avgdata 116696maxresident)k
0inputs+32outputs (0major+20165minor)pagefaults 0swaps
