07/28/2024 10:11:13 AM Logging starts
Traceback (most recent call last):
  File "./popular_projects_snippets_dataset/flask/bodies/body_23_guide_0_0.py", line 46, in <module>
    if exc is _sentinel:
NameError: name 'exc' is not defined

During handling of the above exception, another exception occurred:

Traceback (most recent call last):
  File "./popular_projects_snippets_dataset/flask/bodies/body_23_guide_0_0.py", line 64, in <module>
    ctx = _cv_request.get()
LookupError: <ContextVar name='request_context' at 0x7f1ba0fdfae0>
Command exited with non-zero status 1
1.69user 4.71system 0:00.68elapsed 932%CPU (0avgtext+0avgdata 107880maxresident)k
0inputs+48outputs (0major+24911minor)pagefaults 0swaps
