07/28/2024 09:27:51 AM Logging starts
Traceback (most recent call last):
  File "./popular_projects_snippets_dataset/flask/bodies/body_16_guide_3_6.py", line 30, in <module>
    if exc is _sentinel:
NameError: name 'exc' is not defined

During handling of the above exception, another exception occurred:

Traceback (most recent call last):
  File "./popular_projects_snippets_dataset/flask/bodies/body_16_guide_3_6.py", line 42, in <module>
    _cv_app.reset(self._cv_tokens.pop())
TypeError: expected an instance of Token, got 1
Command exited with non-zero status 1
1.62user 4.74system 0:00.66elapsed 961%CPU (0avgtext+0avgdata 107756maxresident)k
0inputs+48outputs (1major+24918minor)pagefaults 0swaps
