07/28/2024 10:11:17 AM Logging starts
Traceback (most recent call last):
  File "./popular_projects_snippets_dataset/flask/bodies/body_23_guide_0_4.py", line 35, in <module>
    if exc is _sentinel:
NameError: name 'exc' is not defined

During handling of the above exception, another exception occurred:

Traceback (most recent call last):
  File "./popular_projects_snippets_dataset/flask/bodies/body_23_guide_0_4.py", line 65, in <module>
    ctx.request.environ["werkzeug.request"] = None
AttributeError: 'Mock' object has no attribute 'environ'
Command exited with non-zero status 1
1.55user 4.83system 0:00.67elapsed 948%CPU (0avgtext+0avgdata 108384maxresident)k
0inputs+80outputs (1major+24978minor)pagefaults 0swaps
