07/28/2024 09:26:04 AM Logging starts
Traceback (most recent call last):
  File "./popular_projects_snippets_dataset/flask/bodies/body_16_refine_7_7.py", line 33, in <module>
    self.app.do_teardown_appcontext(exc)
TypeError: <lambda>() takes 1 positional argument but 2 were given

During handling of the above exception, another exception occurred:

Traceback (most recent call last):
  File "./popular_projects_snippets_dataset/flask/bodies/body_16_refine_7_7.py", line 40, in <module>
    _cv_app.reset(self._cv_tokens.pop())
TypeError: <lambda>() takes 1 positional argument but 2 were given
Command exited with non-zero status 1
1.56user 4.82system 0:00.67elapsed 952%CPU (0avgtext+0avgdata 107896maxresident)k
0inputs+48outputs (1major+24734minor)pagefaults 0swaps
