07/28/2024 10:12:19 AM Logging starts
Traceback (most recent call last):
  File "./popular_projects_snippets_dataset/flask/bodies/body_23_guide_3_4.py", line 60, in <module>
    if exc is _sentinel:
NameError: name 'exc' is not defined

During handling of the above exception, another exception occurred:

Traceback (most recent call last):
  File "./popular_projects_snippets_dataset/flask/bodies/body_23_guide_3_4.py", line 82, in <module>
    _cv_request.reset(token)
TypeError: expected an instance of Token, got None
Command exited with non-zero status 1
1.59user 4.79system 0:00.66elapsed 955%CPU (0avgtext+0avgdata 108544maxresident)k
0inputs+64outputs (5major+24962minor)pagefaults 0swaps
