07/28/2024 10:10:24 AM Logging starts
Traceback (most recent call last):
  File "./popular_projects_snippets_dataset/flask/bodies/body_23_refine_7_0.py", line 54, in <module>
    request_close()
TypeError: <lambda>() takes 0 positional arguments but 1 was given

During handling of the above exception, another exception occurred:

Traceback (most recent call last):
  File "./popular_projects_snippets_dataset/flask/bodies/body_23_refine_7_0.py", line 71, in <module>
    ctx.request.environ["werkzeug.request"] = None
AttributeError: 'MockRequest' object has no attribute 'environ'
Command exited with non-zero status 1
1.55user 4.84system 0:00.67elapsed 942%CPU (0avgtext+0avgdata 107780maxresident)k
0inputs+104outputs (1major+24973minor)pagefaults 0swaps
