07/28/2024 10:08:29 AM Logging starts
Traceback (most recent call last):
  File "./popular_projects_snippets_dataset/flask/bodies/body_23_refine_0_2.py", line 37, in <module>
    self.app.do_teardown_request(exc)
TypeError: <lambda>() takes 1 positional argument but 2 were given

During handling of the above exception, another exception occurred:

Traceback (most recent call last):
  File "./popular_projects_snippets_dataset/flask/bodies/body_23_refine_0_2.py", line 50, in <module>
    ctx = _cv_request.get()
TypeError: <lambda>() takes 0 positional arguments but 1 was given
Command exited with non-zero status 1
1.77user 4.60system 0:00.65elapsed 974%CPU (0avgtext+0avgdata 108376maxresident)k
0inputs+48outputs (0major+24964minor)pagefaults 0swaps
