07/27/2024 04:44:17 PM Logging starts
Exiting: <function <lambda> at 0x7fb465628ee0>
Exiting: None
Traceback (most recent call last):
  File "./popular_projects_snippets_dataset/flask/bodies/body_289_guide_1_9.py", line 108, in generator
    aux = gen
NameError: name 'gen' is not defined

During handling of the above exception, another exception occurred:

Traceback (most recent call last):
  File "./popular_projects_snippets_dataset/flask/bodies/body_289_guide_1_9.py", line 119, in <module>
    wrapped_g = generator()
  File "./popular_projects_snippets_dataset/flask/bodies/body_289_guide_1_9.py", line 114, in generator
    if hasattr(gen, "close"):
NameError: name 'gen' is not defined
Command exited with non-zero status 1
1.67user 4.38system 0:00.81elapsed 743%CPU (0avgtext+0avgdata 116836maxresident)k
0inputs+88outputs (0major+20203minor)pagefaults 0swaps
